<?xml version="1.0" encoding="UTF-8"?>
<!-- Generated by org.testng.reporters.JUnitReportReporter -->
<testsuite hostname="DESKTOP-ETV6F6R" failures="0" tests="3" name="Datadriven.TestCases.LoginLogout" time="278.188" errors="0" timestamp="2024-05-24T07:39:28 GMT-07:00" skipped="0">
  <testcase classname="Datadriven.TestCases.LoginLogout" name="LoginLogout" time="25.618"/>
  <testcase classname="Datadriven.TestCases.LoginLogout" name="LoginLogout" time="145.865"/>
  <testcase classname="Datadriven.TestCases.LoginLogout" name="LoginLogout" time="106.705"/>
  <system-out>
    <![CDATA[Log: Apllication is open
Log: Apllication is open
Log: Apllication is open]]>
  </system-out>
</testsuite> <!-- Datadriven.TestCases.LoginLogout -->
