<?xml version="1.0" encoding="UTF-8"?>
<!-- Generated by org.testng.reporters.JUnitReportReporter -->
<testsuite hostname="DESKTOP-ETV6F6R" failures="0" tests="5" name="Datadriven.TestCases.Admin" time="20.335" errors="0" timestamp="2024-05-24T07:51:30 GMT-07:00" skipped="0">
  <testcase classname="Datadriven.TestCases.Admin" name="Login" time="4.456"/>
  <testcase classname="Datadriven.TestCases.Admin" name="clickOnAdmin" time="7.206"/>
  <testcase classname="Datadriven.TestCases.Admin" name="searchByUserName" time="2.280"/>
  <testcase classname="Datadriven.TestCases.Admin" name="searchByUserRole" time="6.034"/>
  <testcase classname="Datadriven.TestCases.Admin" name="searchByUserStatus" time="0.359"/>
  <system-out>
    <![CDATA[Log: Apllication is open]]>
  </system-out>
</testsuite> <!-- Datadriven.TestCases.Admin -->
